<?xml version="1.0" encoding="UTF-8"?>
<!-- Generated by org.testng.reporters.JUnitXMLReporter -->
<testsuite hostname="lenovo-PC" name="Test2" tests="1" failures="1" timestamp="8 Nov 2017 05:16:53 GMT" time="11.017" errors="0">
  <testcase name="setup" time="10.983" classname="com.TestNG.WebDriverClass.ParralelTest">
    <failure type="org.openqa.selenium.WebDriverException" message="Failed to navigate to http://www.google.com. This usually means that a call to the COM method IWebBrowser2::Navigate2() failed. (WARNING: The server did not provide any stacktrace information)
Command duration or timeout: 17 milliseconds
Build info: version: &amp;apos;2.53.1&amp;apos;, revision: &amp;apos;a36b8b1&amp;apos;, time: &amp;apos;2016-06-30 17:37:03&amp;apos;
System info: host: &amp;apos;lenovo-PC&amp;apos;, ip: &amp;apos;192.168.0.106&amp;apos;, os.name: &amp;apos;Windows 7&amp;apos;, os.arch: &amp;apos;x86&amp;apos;, os.version: &amp;apos;6.1&amp;apos;, java.version: &amp;apos;1.8.0_102&amp;apos;
Driver info: org.openqa.selenium.ie.InternetExplorerDriver
Capabilities [{browserAttachTimeout=0, enablePersistentHover=true, ie.forceCreateProcessApi=false, pageLoadStrategy=normal, ie.usePerProcessProxy=false, ignoreZoomSetting=false, handlesAlerts=true, version=8, platform=WINDOWS, nativeEvents=true, ie.ensureCleanSession=false, elementScrollBehavior=0, ie.browserCommandLineSwitches=, requireWindowFocus=false, browserName=internet explorer, initialBrowserUrl=http://localhost:17231/, takesScreenshot=true, javascriptEnabled=true, ignoreProtectedModeSettings=false, enableElementCacheCleanup=true, cssSelectorsEnabled=true, unexpectedAlertBehaviour=dismiss}]
Session ID: 24fb76d1-c227-430c-bfd0-646638a29d7e">
      <![CDATA[org.openqa.selenium.WebDriverException: Failed to navigate to http://www.google.com. This usually means that a call to the COM method IWebBrowser2::Navigate2() failed. (WARNING: The server did not provide any stacktrace information)
Command duration or timeout: 17 milliseconds
Build info: version: '2.53.1', revision: 'a36b8b1', time: '2016-06-30 17:37:03'
System info: host: 'lenovo-PC', ip: '192.168.0.106', os.name: 'Windows 7', os.arch: 'x86', os.version: '6.1', java.version: '1.8.0_102'
Driver info: org.openqa.selenium.ie.InternetExplorerDriver
Capabilities [{browserAttachTimeout=0, enablePersistentHover=true, ie.forceCreateProcessApi=false, pageLoadStrategy=normal, ie.usePerProcessProxy=false, ignoreZoomSetting=false, handlesAlerts=true, version=8, platform=WINDOWS, nativeEvents=true, ie.ensureCleanSession=false, elementScrollBehavior=0, ie.browserCommandLineSwitches=, requireWindowFocus=false, browserName=internet explorer, initialBrowserUrl=http://localhost:17231/, takesScreenshot=true, javascriptEnabled=true, ignoreProtectedModeSettings=false, enableElementCacheCleanup=true, cssSelectorsEnabled=true, unexpectedAlertBehaviour=dismiss}]
Session ID: 24fb76d1-c227-430c-bfd0-646638a29d7e
	at org.openqa.selenium.remote.ErrorHandler.createThrowable(ErrorHandler.java:206)
	at org.openqa.selenium.remote.ErrorHandler.throwIfResponseFailed(ErrorHandler.java:158)
	at org.openqa.selenium.remote.RemoteWebDriver.execute(RemoteWebDriver.java:678)
	at org.openqa.selenium.remote.RemoteWebDriver.get(RemoteWebDriver.java:316)
	at com.TestNG.WebDriverClass.ParralelTest.setup(ParralelTest.java:36)
... Removed 28 stack frames]]>
    </failure>
  </testcase> <!-- setup -->
</testsuite> <!-- Test2 -->
