<?xml version="1.0" encoding="UTF-8"?>
<testng-results skipped="2" failed="0" total="2" passed="0">
  <reporter-output>
  </reporter-output>
  <suite name="Default suite" duration-ms="67" started-at="2017-11-03T17:22:13Z" finished-at="2017-11-03T17:22:13Z">
    <groups>
    </groups>
    <test name="Default test" duration-ms="67" started-at="2017-11-03T17:22:13Z" finished-at="2017-11-03T17:22:13Z">
      <class name="webdriver.ParralelTest">
        <test-method status="FAIL" signature="openBrowser(java.lang.String)[pri:0, instance:webdriver.ParralelTest@120ebad]" name="openBrowser" is-config="true" duration-ms="0" started-at="2017-11-03T22:52:13Z" finished-at="2017-11-03T22:52:13Z">
          <exception class="org.testng.TestNGException">
            <message>
              <![CDATA[
Parameter 'browser= Firefox' is required by @Configuration on method openBrowser but has not been marked @Optional or defined
in C:\Users\lenovo\AppData\Local\Temp\testng-eclipse-1566083046\testng-customsuite.xml]]>
            </message>
            <full-stacktrace>
              <![CDATA[org.testng.TestNGException: 
Parameter 'browser= Firefox' is required by @Configuration on method openBrowser but has not been marked @Optional or defined
in C:\Users\lenovo\AppData\Local\Temp\testng-eclipse-1566083046\testng-customsuite.xml
	at org.testng.internal.Parameters.createParameters(Parameters.java:154)
	at org.testng.internal.Parameters.createParameters(Parameters.java:361)
	at org.testng.internal.Parameters.createConfigurationParameters(Parameters.java:84)
	at org.testng.internal.Invoker.invokeConfigurations(Invoker.java:197)
	at org.testng.internal.Invoker.invokeConfigurations(Invoker.java:138)
	at org.testng.TestRunner.beforeRun(TestRunner.java:648)
	at org.testng.TestRunner.run(TestRunner.java:616)
	at org.testng.SuiteRunner.runTest(SuiteRunner.java:359)
	at org.testng.SuiteRunner.runSequentially(SuiteRunner.java:354)
	at org.testng.SuiteRunner.privateRun(SuiteRunner.java:312)
	at org.testng.SuiteRunner.run(SuiteRunner.java:261)
	at org.testng.SuiteRunnerWorker.runSuite(SuiteRunnerWorker.java:52)
	at org.testng.SuiteRunnerWorker.run(SuiteRunnerWorker.java:86)
	at org.testng.TestNG.runSuitesSequentially(TestNG.java:1215)
	at org.testng.TestNG.runSuitesLocally(TestNG.java:1140)
	at org.testng.TestNG.run(TestNG.java:1048)
	at org.testng.remote.AbstractRemoteTestNG.run(AbstractRemoteTestNG.java:132)
	at org.testng.remote.RemoteTestNG.initAndRun(RemoteTestNG.java:230)
	at org.testng.remote.RemoteTestNG.main(RemoteTestNG.java:76)
]]>
            </full-stacktrace>
          </exception> <!-- org.testng.TestNGException -->
          <reporter-output>
          </reporter-output>
        </test-method> <!-- openBrowser -->
        <test-method status="SKIP" signature="login_TestCase()[pri:0, instance:webdriver.ParralelTest@120ebad]" name="login_TestCase" duration-ms="10" started-at="2017-11-03T22:52:13Z" finished-at="2017-11-03T22:52:13Z">
          <reporter-output>
          </reporter-output>
        </test-method> <!-- login_TestCase -->
        <test-method status="SKIP" signature="search_TestCase()[pri:0, instance:webdriver.ParralelTest@120ebad]" name="search_TestCase" duration-ms="2" started-at="2017-11-03T22:52:13Z" finished-at="2017-11-03T22:52:13Z">
          <reporter-output>
          </reporter-output>
        </test-method> <!-- search_TestCase -->
        <test-method status="SKIP" signature="closeBrowser()[pri:0, instance:webdriver.ParralelTest@120ebad]" name="closeBrowser" is-config="true" duration-ms="0" started-at="2017-11-03T22:52:13Z" finished-at="2017-11-03T22:52:13Z">
          <reporter-output>
          </reporter-output>
        </test-method> <!-- closeBrowser -->
      </class> <!-- webdriver.ParralelTest -->
    </test> <!-- Default test -->
  </suite> <!-- Default suite -->
</testng-results>
