<?xml version="1.0" encoding="UTF-8"?>
<testng-results skipped="0" failed="0" total="1" passed="1">
  <reporter-output>
  </reporter-output>
  <suite name="Default suite" duration-ms="33264" started-at="2017-11-13T07:55:15Z" finished-at="2017-11-13T07:55:48Z">
    <groups>
    </groups>
    <test name="Default test" duration-ms="33264" started-at="2017-11-13T07:55:15Z" finished-at="2017-11-13T07:55:48Z">
      <class name="ExtentReports.ExtentReportTestNG">
        <test-method status="PASS" signature="ExteRep()[pri:0, instance:ExtentReports.ExtentReportTestNG@1081592]" name="ExteRep" duration-ms="33231" started-at="2017-11-13T13:25:15Z" finished-at="2017-11-13T13:25:48Z">
          <reporter-output>
          </reporter-output>
        </test-method> <!-- ExteRep -->
      </class> <!-- ExtentReports.ExtentReportTestNG -->
    </test> <!-- Default test -->
  </suite> <!-- Default suite -->
</testng-results>
