<?xml version="1.0" encoding="UTF-8"?>
<testng-results skipped="0" failed="0" total="1" passed="1">
  <reporter-output>
  </reporter-output>
  <suite name="Default suite" duration-ms="59562" started-at="2017-11-09T07:44:28Z" finished-at="2017-11-09T07:45:28Z">
    <groups>
    </groups>
    <test name="Default test" duration-ms="59562" started-at="2017-11-09T07:44:28Z" finished-at="2017-11-09T07:45:28Z">
      <class name="com.TestNG.WebDriverClass.AssertiongetTitle">
        <test-method status="PASS" signature="assert1()[pri:0, instance:com.TestNG.WebDriverClass.AssertiongetTitle@2bcfcb]" name="assert1" duration-ms="59530" started-at="2017-11-09T13:14:28Z" finished-at="2017-11-09T13:15:28Z">
          <reporter-output>
          </reporter-output>
        </test-method> <!-- assert1 -->
      </class> <!-- com.TestNG.WebDriverClass.AssertiongetTitle -->
    </test> <!-- Default test -->
  </suite> <!-- Default suite -->
</testng-results>
