<?xml version="1.0" encoding="UTF-8"?>
<!-- Generated by org.testng.reporters.JUnitXMLReporter -->
<testsuite hostname="lenovo-PC" name="Default test" tests="3" failures="0" timestamp="7 Nov 2017 12:10:29 GMT" time="0.052" errors="0">
  <testcase name="test3" time="0.011" classname="testAnnotations.TestNGannotation2"/>
  <testcase name="test1" time="0.002" classname="testAnnotations.TestNGannotations"/>
  <testcase name="test2" time="0.003" classname="testAnnotations.TestNGannotations"/>
</testsuite> <!-- Default test -->
